<?xml version="1.0" encoding="UTF-8"?>
<!-- Generated by org.testng.reporters.JUnitReportReporter -->
<testsuite skipped="0" hostname="USCHDWNCN123HCS" name="day8.TestNGTesting" tests="4" failures="0" timestamp="16 Sep 2018 15:43:43 GMT" time="0.020" errors="0">
  <testcase name="testcase1" time="0.013" classname="day8.TestNGTesting"/>
  <testcase name="testcase4" time="0.003" classname="day8.TestNGTesting"/>
  <testcase name="testcase3" time="0.002" classname="day8.TestNGTesting"/>
  <testcase name="testcase2" time="0.002" classname="day8.TestNGTesting"/>
</testsuite> <!-- day8.TestNGTesting -->
